ts=2026-05-04T02:18:39.878674+00:00 level=INFO msg=pipeline_started run_id=6e47a6c6a3f8 ticker=ABC
ts=2026-05-04T02:18:39.878710+00:00 level=WARN msg=qa_warning detail=Slide s4 bullet item in 'industry_tailwinds' is long and may wrap heavily.
ts=2026-05-04T02:18:39.878720+00:00 level=WARN msg=qa_warning detail=Slide s4 bullet item in 'industry_tailwinds' is long and may wrap heavily.
ts=2026-05-04T02:18:39.878726+00:00 level=WARN msg=qa_warning detail=Slide s4 bullet item in 'industry_tailwinds' is long and may wrap heavily.
ts=2026-05-04T02:18:39.878732+00:00 level=WARN msg=qa_warning detail=Slide s4 bullet item in 'industry_tailwinds' is long and may wrap heavily.
ts=2026-05-04T02:18:39.878737+00:00 level=WARN msg=qa_warning detail=Slide s4 bullet item in 'industry_tailwinds' is long and may wrap heavily.
ts=2026-05-04T02:18:39.878742+00:00 level=WARN msg=qa_warning detail=Slide s4 bullet item in 'industry_tailwinds' is long and may wrap heavily.
ts=2026-05-04T02:18:39.878748+00:00 level=WARN msg=qa_warning detail=Slide s5 bullet item in 'highlights' is long and may wrap heavily.
ts=2026-05-04T02:18:39.878753+00:00 level=WARN msg=qa_warning detail=Slide s5 bullet item in 'highlights' is long and may wrap heavily.
ts=2026-05-04T02:18:39.878758+00:00 level=WARN msg=qa_warning detail=Slide s5 bullet item in 'highlights' is long and may wrap heavily.
ts=2026-05-04T02:18:39.878773+00:00 level=WARN msg=qa_warning detail=Slide s5 bullet item in 'highlights' is long and may wrap heavily.
ts=2026-05-04T02:18:39.878778+00:00 level=WARN msg=qa_warning detail=Slide s5 bullet item in 'highlights' is long and may wrap heavily.
ts=2026-05-04T02:18:39.878782+00:00 level=WARN msg=qa_warning detail=Slide s5 bullet item in 'highlights' is long and may wrap heavily.
ts=2026-05-04T02:18:39.878787+00:00 level=WARN msg=qa_warning detail=Slide s7 text block 'margin_narrative' is very long.
ts=2026-05-04T02:18:39.878792+00:00 level=WARN msg=qa_warning detail=Slide s9 text block 'valuation_narrative' is very long.
ts=2026-05-04T02:18:39.878797+00:00 level=WARN msg=qa_warning detail=Slide s10 bullet item in 'risks' is long and may wrap heavily.
ts=2026-05-04T02:18:39.878802+00:00 level=WARN msg=qa_warning detail=Slide s10 bullet item in 'risks' is long and may wrap heavily.
ts=2026-05-04T02:18:39.878807+00:00 level=WARN msg=qa_warning detail=Slide s10 bullet item in 'risks' is long and may wrap heavily.
ts=2026-05-04T02:18:39.878811+00:00 level=WARN msg=qa_warning detail=Slide s10 bullet item in 'risks' is long and may wrap heavily.
ts=2026-05-04T02:18:39.878816+00:00 level=WARN msg=qa_warning detail=Slide s10 bullet item in 'risks' is long and may wrap heavily.
ts=2026-05-04T02:18:39.878821+00:00 level=WARN msg=qa_warning detail=Slide s10 bullet item in 'risks' is long and may wrap heavily.
ts=2026-05-04T02:18:39.878826+00:00 level=WARN msg=qa_warning detail=Slide s11 text block 'disclaimer_text' is very long.
ts=2026-05-04T02:18:39.878831+00:00 level=WARN msg=qa_warning detail=No supported PDF conversion backend is available. Configure LibreOffice or PowerPoint.
ts=2026-05-04T02:18:39.878837+00:00 level=INFO msg=pipeline_finished status=pdf_skipped