ts=2026-05-04T03:06:20.113598+00:00 level=INFO msg=pipeline_started run_id=5a5a82179f14 ticker=MOFSL
ts=2026-05-04T03:06:20.113638+00:00 level=WARN msg=qa_warning detail=Slide s2 bullet item in 'thesis_bullets' is long and may wrap heavily.
ts=2026-05-04T03:06:20.113651+00:00 level=WARN msg=qa_warning detail=Slide s4 bullet item in 'industry_bullets' is long and may wrap heavily.
ts=2026-05-04T03:06:20.113881+00:00 level=WARN msg=qa_warning detail=Slide s4 bullet item in 'industry_bullets' is long and may wrap heavily.
ts=2026-05-04T03:06:20.113902+00:00 level=WARN msg=qa_warning detail=Slide s5 bullet item in 'key_highlights_bullets' is long and may wrap heavily.
ts=2026-05-04T03:06:20.113910+00:00 level=WARN msg=qa_warning detail=Slide s5 bullet item in 'key_highlights_bullets' is long and may wrap heavily.
ts=2026-05-04T03:06:20.113918+00:00 level=WARN msg=qa_warning detail=Slide s5 bullet item in 'key_highlights_bullets' is long and may wrap heavily.
ts=2026-05-04T03:06:20.113925+00:00 level=WARN msg=qa_warning detail=Slide s5 bullet item in 'key_highlights_bullets' is long and may wrap heavily.
ts=2026-05-04T03:06:20.113932+00:00 level=WARN msg=qa_warning detail=Slide s17 bullet item in 'risk_bullets' is long and may wrap heavily.
ts=2026-05-04T03:06:20.113939+00:00 level=WARN msg=qa_warning detail=Slide s17 bullet item in 'risk_bullets' is long and may wrap heavily.
ts=2026-05-04T03:06:20.113947+00:00 level=WARN msg=qa_warning detail=Slide s17 bullet item in 'risk_bullets' is long and may wrap heavily.
ts=2026-05-04T03:06:20.113955+00:00 level=WARN msg=qa_warning detail=Slide s17 bullet item in 'risk_bullets' is long and may wrap heavily.
ts=2026-05-04T03:06:20.113963+00:00 level=WARN msg=qa_warning detail=Slide s17 bullet item in 'risk_bullets' is long and may wrap heavily.
ts=2026-05-04T03:06:20.113973+00:00 level=WARN msg=qa_warning detail=Slide s17 bullet item in 'risk_bullets' is long and may wrap heavily.
ts=2026-05-04T03:06:20.113980+00:00 level=WARN msg=qa_warning detail=Slide s18 bullet item in 'trading_strategy_entry' is long and may wrap heavily.
ts=2026-05-04T03:06:20.113988+00:00 level=WARN msg=qa_warning detail=Slide s18 bullet item in 'trading_strategy_entry' is long and may wrap heavily.
ts=2026-05-04T03:06:20.113997+00:00 level=WARN msg=qa_warning detail=Slide s18 bullet item in 'trading_strategy_entry' is long and may wrap heavily.
ts=2026-05-04T03:06:20.114039+00:00 level=WARN msg=qa_warning detail=Slide s18 bullet item in 'trading_strategy_entry' is long and may wrap heavily.
ts=2026-05-04T03:06:20.114052+00:00 level=WARN msg=qa_warning detail=Slide s18 bullet item in 'trading_strategy_entry' is long and may wrap heavily.
ts=2026-05-04T03:06:20.114061+00:00 level=WARN msg=qa_warning detail=Slide s21 text block 'disclaimer_text' is very long.
ts=2026-05-04T03:06:20.114070+00:00 level=WARN msg=qa_warning detail=No supported PDF conversion backend is available. Install LibreOffice or run on Windows with PowerPoint + pywin32.
ts=2026-05-04T03:06:20.114081+00:00 level=INFO msg=pipeline_finished status=pdf_skipped